<?xml version="1.0" encoding="UTF-8"?>
<coverage generated="1638114670082" clover="3.2.0">
  <project timestamp="1638114670082" name="All files">
    <metrics statements="36" coveredstatements="34" conditionals="11" coveredconditionals="10" methods="19" coveredmethods="18" elements="66" coveredelements="62" complexity="0" loc="36" ncloc="36" packages="2" files="3" classes="3"/>
    <package name="src">
      <metrics statements="1" coveredstatements="1" conditionals="0" coveredconditionals="0" methods="1" coveredmethods="1"/>
      <file name="App.js" path="E:\Coding\Todo App\todo-app\todo-app-frontend\src\App.js">
        <metrics statements="1" coveredstatements="1" conditionals="0" coveredconditionals="0" methods="1" coveredmethods="1"/>
        <line num="8" count="1" type="stmt"/>
      </file>
    </package>
    <package name="src.components">
      <metrics statements="35" coveredstatements="33" conditionals="11" coveredconditionals="10" methods="18" coveredmethods="17"/>
      <file name="TodoList.js" path="E:\Coding\Todo App\todo-app\todo-app-frontend\src\components\TodoList.js">
        <metrics statements="18" coveredstatements="18" conditionals="6" coveredconditionals="5" methods="10" coveredmethods="10"/>
        <line num="5" count="3" type="stmt"/>
        <line num="6" count="20" type="stmt"/>
        <line num="7" count="20" type="stmt"/>
        <line num="10" count="4" type="cond" truecount="2" falsecount="0"/>
        <line num="11" count="1" type="stmt"/>
        <line num="13" count="3" type="stmt"/>
        <line num="17" count="20" type="stmt"/>
        <line num="19" count="20" type="stmt"/>
        <line num="20" count="1" type="stmt"/>
        <line num="22" count="1" type="stmt"/>
        <line num="25" count="20" type="stmt"/>
        <line num="27" count="52" type="stmt"/>
        <line num="29" count="4" type="stmt"/>
        <line num="34" count="1" type="stmt"/>
        <line num="49" count="78" type="stmt"/>
        <line num="53" count="1" type="stmt"/>
        <line num="63" count="2" type="stmt"/>
        <line num="68" count="1" type="stmt"/>
      </file>
      <file name="Todos.js" path="E:\Coding\Todo App\todo-app\todo-app-frontend\src\components\Todos.js">
        <metrics statements="17" coveredstatements="15" conditionals="5" coveredconditionals="5" methods="8" coveredmethods="7"/>
        <line num="7" count="2" type="stmt"/>
        <line num="10" count="7" type="stmt"/>
        <line num="12" count="7" type="stmt"/>
        <line num="13" count="3" type="stmt"/>
        <line num="16" count="7" type="stmt"/>
        <line num="17" count="6" type="stmt"/>
        <line num="20" count="7" type="stmt"/>
        <line num="22" count="7" type="stmt"/>
        <line num="23" count="1" type="stmt"/>
        <line num="25" count="1" type="stmt"/>
        <line num="28" count="7" type="stmt"/>
        <line num="29" count="0" type="stmt"/>
        <line num="31" count="0" type="stmt"/>
        <line num="34" count="7" type="stmt"/>
        <line num="36" count="6" type="stmt"/>
        <line num="40" count="2" type="stmt"/>
        <line num="45" count="1" type="stmt"/>
      </file>
    </package>
  </project>
</coverage>
