<?xml version="1.0" encoding="UTF-8"?>
<coverage generated="1638110656881" clover="3.2.0">
  <project timestamp="1638110656882" name="All files">
    <metrics statements="25" coveredstatements="25" conditionals="6" coveredconditionals="6" methods="14" coveredmethods="14" elements="45" coveredelements="45" complexity="0" loc="25" ncloc="25" packages="1" files="1" classes="1"/>
    <file name="TodoList.js" path="E:\Coding\Todo App\todo-app\todo-app-frontend\src\components\TodoList.js">
      <metrics statements="25" coveredstatements="25" conditionals="6" coveredconditionals="6" methods="14" coveredmethods="14"/>
      <line num="5" count="3" type="stmt"/>
      <line num="6" count="20" type="stmt"/>
      <line num="7" count="20" type="stmt"/>
      <line num="10" count="4" type="cond" truecount="2" falsecount="0"/>
      <line num="11" count="1" type="stmt"/>
      <line num="13" count="3" type="stmt"/>
      <line num="17" count="20" type="stmt"/>
      <line num="19" count="20" type="stmt"/>
      <line num="20" count="1" type="stmt"/>
      <line num="22" count="1" type="stmt"/>
      <line num="25" count="20" type="stmt"/>
      <line num="26" count="12" type="stmt"/>
      <line num="27" count="24" type="stmt"/>
      <line num="29" count="24" type="stmt"/>
      <line num="30" count="36" type="cond" truecount="2" falsecount="0"/>
      <line num="35" count="20" type="stmt"/>
      <line num="36" count="12" type="stmt"/>
      <line num="39" count="20" type="stmt"/>
      <line num="41" count="52" type="stmt"/>
      <line num="43" count="4" type="stmt"/>
      <line num="48" count="1" type="stmt"/>
      <line num="59" count="78" type="stmt"/>
      <line num="63" count="1" type="stmt"/>
      <line num="73" count="2" type="stmt"/>
      <line num="78" count="1" type="stmt"/>
    </file>
  </project>
</coverage>
