{"E:\\Coding\\Todo App\\todo-app\\todo-app-frontend\\src\\components\\TodoList.js": {"path":"E:\\Coding\\Todo App\\todo-app\\todo-app-frontend\\src\\components\\TodoList.js","statementMap":{"0":{"start":{"line":5,"column":17},"end":{"line":90,"column":1}},"1":{"start":{"line":6,"column":30},"end":{"line":6,"column":41}},"2":{"start":{"line":7,"column":25},"end":{"line":7,"column":44}},"3":{"start":{"line":10,"column":8},"end":{"line":14,"column":9}},"4":{"start":{"line":11,"column":12},"end":{"line":11,"column":25}},"5":{"start":{"line":13,"column":12},"end":{"line":13,"column":31}},"6":{"start":{"line":17,"column":38},"end":{"line":17,"column":50}},"7":{"start":{"line":19,"column":30},"end":{"line":23,"column":5}},"8":{"start":{"line":20,"column":8},"end":{"line":20,"column":53}},"9":{"start":{"line":22,"column":8},"end":{"line":22,"column":24}},"10":{"start":{"line":25,"column":35},"end":{"line":33,"column":5}},"11":{"start":{"line":26,"column":8},"end":{"line":32,"column":10}},"12":{"start":{"line":27,"column":12},"end":{"line":27,"column":26}},"13":{"start":{"line":29,"column":12},"end":{"line":31,"column":14}},"14":{"start":{"line":30,"column":16},"end":{"line":30,"column":61}},"15":{"start":{"line":35,"column":4},"end":{"line":37,"column":15}},"16":{"start":{"line":36,"column":8},"end":{"line":36,"column":37}},"17":{"start":{"line":39,"column":4},"end":{"line":89,"column":10}},"18":{"start":{"line":41,"column":12},"end":{"line":86,"column":19}},"19":{"start":{"line":43,"column":75},"end":{"line":43,"column":91}},"20":{"start":{"line":48,"column":117},"end":{"line":48,"column":170}},"21":{"start":{"line":59,"column":40},"end":{"line":67,"column":52}},"22":{"start":{"line":63,"column":132},"end":{"line":63,"column":181}},"23":{"start":{"line":73,"column":92},"end":{"line":73,"column":120}},"24":{"start":{"line":78,"column":47},"end":{"line":78,"column":74}}},"fnMap":{"0":{"name":"(anonymous_0)","decl":{"start":{"line":5,"column":17},"end":{"line":5,"column":18}},"loc":{"start":{"line":5,"column":50},"end":{"line":90,"column":1}},"line":5},"1":{"name":"toggle","decl":{"start":{"line":9,"column":13},"end":{"line":9,"column":19}},"loc":{"start":{"line":9,"column":30},"end":{"line":15,"column":5}},"line":9},"2":{"name":"(anonymous_2)","decl":{"start":{"line":19,"column":30},"end":{"line":19,"column":31}},"loc":{"start":{"line":19,"column":44},"end":{"line":23,"column":5}},"line":19},"3":{"name":"(anonymous_3)","decl":{"start":{"line":25,"column":35},"end":{"line":25,"column":36}},"loc":{"start":{"line":25,"column":46},"end":{"line":33,"column":5}},"line":25},"4":{"name":"(anonymous_4)","decl":{"start":{"line":26,"column":18},"end":{"line":26,"column":19}},"loc":{"start":{"line":26,"column":28},"end":{"line":32,"column":9}},"line":26},"5":{"name":"(anonymous_5)","decl":{"start":{"line":29,"column":31},"end":{"line":29,"column":32}},"loc":{"start":{"line":29,"column":41},"end":{"line":31,"column":13}},"line":29},"6":{"name":"(anonymous_6)","decl":{"start":{"line":35,"column":14},"end":{"line":35,"column":15}},"loc":{"start":{"line":35,"column":20},"end":{"line":37,"column":5}},"line":35},"7":{"name":"(anonymous_7)","decl":{"start":{"line":40,"column":20},"end":{"line":40,"column":21}},"loc":{"start":{"line":41,"column":12},"end":{"line":86,"column":19}},"line":41},"8":{"name":"(anonymous_8)","decl":{"start":{"line":43,"column":69},"end":{"line":43,"column":70}},"loc":{"start":{"line":43,"column":75},"end":{"line":43,"column":91}},"line":43},"9":{"name":"(anonymous_9)","decl":{"start":{"line":48,"column":110},"end":{"line":48,"column":111}},"loc":{"start":{"line":48,"column":117},"end":{"line":48,"column":170}},"line":48},"10":{"name":"(anonymous_10)","decl":{"start":{"line":58,"column":56},"end":{"line":58,"column":57}},"loc":{"start":{"line":59,"column":40},"end":{"line":67,"column":52}},"line":59},"11":{"name":"(anonymous_11)","decl":{"start":{"line":63,"column":125},"end":{"line":63,"column":126}},"loc":{"start":{"line":63,"column":132},"end":{"line":63,"column":181}},"line":63},"12":{"name":"(anonymous_12)","decl":{"start":{"line":73,"column":85},"end":{"line":73,"column":86}},"loc":{"start":{"line":73,"column":92},"end":{"line":73,"column":120}},"line":73},"13":{"name":"(anonymous_13)","decl":{"start":{"line":78,"column":41},"end":{"line":78,"column":42}},"loc":{"start":{"line":78,"column":47},"end":{"line":78,"column":74}},"line":78}},"branchMap":{"0":{"loc":{"start":{"line":10,"column":8},"end":{"line":14,"column":9}},"type":"if","locations":[{"start":{"line":10,"column":8},"end":{"line":14,"column":9}},{"start":{"line":12,"column":15},"end":{"line":14,"column":9}}],"line":10},"1":{"loc":{"start":{"line":30,"column":16},"end":{"line":30,"column":61}},"type":"cond-expr","locations":[{"start":{"line":30,"column":39},"end":{"line":30,"column":54}},{"start":{"line":30,"column":57},"end":{"line":30,"column":61}}],"line":30},"2":{"loc":{"start":{"line":57,"column":32},"end":{"line":69,"column":66}},"type":"cond-expr","locations":[{"start":{"line":58,"column":36},"end":{"line":68,"column":37}},{"start":{"line":69,"column":36},"end":{"line":69,"column":66}}],"line":57}},"s":{"0":3,"1":20,"2":20,"3":4,"4":1,"5":3,"6":20,"7":20,"8":1,"9":1,"10":20,"11":12,"12":24,"13":24,"14":36,"15":20,"16":12,"17":20,"18":52,"19":4,"20":1,"21":78,"22":1,"23":2,"24":1},"f":{"0":20,"1":4,"2":1,"3":12,"4":24,"5":36,"6":12,"7":52,"8":4,"9":1,"10":78,"11":1,"12":2,"13":1},"b":{"0":[1,3],"1":[18,18],"2":[39,13]},"_coverageSchema":"1a1c01bbd47fc00a2c39e90264f33305004495a9","hash":"f5bc358cffec53d541ae0547a84296e2e95f0606"}
}
