{"E:\\Coding\\Todo App\\todo-app\\todo-app-frontend\\src\\App.js": {"path":"E:\\Coding\\Todo App\\todo-app\\todo-app-frontend\\src\\App.js","statementMap":{"0":{"start":{"line":8,"column":2},"end":{"line":14,"column":4}}},"fnMap":{"0":{"name":"App","decl":{"start":{"line":7,"column":9},"end":{"line":7,"column":12}},"loc":{"start":{"line":7,"column":15},"end":{"line":15,"column":1}},"line":7}},"branchMap":{},"s":{"0":1},"f":{"0":1},"b":{},"_coverageSchema":"1a1c01bbd47fc00a2c39e90264f33305004495a9","hash":"f6645bc270d7ab839545acab5de76634117e6981"}
,"E:\\Coding\\Todo App\\todo-app\\todo-app-frontend\\src\\components\\TodoList.js": {"path":"E:\\Coding\\Todo App\\todo-app\\todo-app-frontend\\src\\components\\TodoList.js","statementMap":{"0":{"start":{"line":5,"column":17},"end":{"line":77,"column":1}},"1":{"start":{"line":6,"column":30},"end":{"line":6,"column":41}},"2":{"start":{"line":7,"column":25},"end":{"line":7,"column":44}},"3":{"start":{"line":10,"column":8},"end":{"line":14,"column":9}},"4":{"start":{"line":11,"column":12},"end":{"line":11,"column":25}},"5":{"start":{"line":13,"column":12},"end":{"line":13,"column":31}},"6":{"start":{"line":17,"column":38},"end":{"line":17,"column":50}},"7":{"start":{"line":19,"column":30},"end":{"line":23,"column":5}},"8":{"start":{"line":20,"column":8},"end":{"line":20,"column":53}},"9":{"start":{"line":22,"column":8},"end":{"line":22,"column":24}},"10":{"start":{"line":26,"column":4},"end":{"line":76,"column":10}},"11":{"start":{"line":28,"column":12},"end":{"line":73,"column":19}},"12":{"start":{"line":30,"column":75},"end":{"line":30,"column":91}},"13":{"start":{"line":35,"column":117},"end":{"line":35,"column":170}},"14":{"start":{"line":46,"column":40},"end":{"line":54,"column":52}},"15":{"start":{"line":50,"column":132},"end":{"line":50,"column":181}},"16":{"start":{"line":60,"column":92},"end":{"line":60,"column":120}},"17":{"start":{"line":65,"column":47},"end":{"line":65,"column":74}}},"fnMap":{"0":{"name":"(anonymous_0)","decl":{"start":{"line":5,"column":17},"end":{"line":5,"column":18}},"loc":{"start":{"line":5,"column":50},"end":{"line":77,"column":1}},"line":5},"1":{"name":"toggle","decl":{"start":{"line":9,"column":13},"end":{"line":9,"column":19}},"loc":{"start":{"line":9,"column":30},"end":{"line":15,"column":5}},"line":9},"2":{"name":"(anonymous_2)","decl":{"start":{"line":19,"column":30},"end":{"line":19,"column":31}},"loc":{"start":{"line":19,"column":44},"end":{"line":23,"column":5}},"line":19},"3":{"name":"(anonymous_3)","decl":{"start":{"line":27,"column":20},"end":{"line":27,"column":21}},"loc":{"start":{"line":28,"column":12},"end":{"line":73,"column":19}},"line":28},"4":{"name":"(anonymous_4)","decl":{"start":{"line":30,"column":69},"end":{"line":30,"column":70}},"loc":{"start":{"line":30,"column":75},"end":{"line":30,"column":91}},"line":30},"5":{"name":"(anonymous_5)","decl":{"start":{"line":35,"column":110},"end":{"line":35,"column":111}},"loc":{"start":{"line":35,"column":117},"end":{"line":35,"column":170}},"line":35},"6":{"name":"(anonymous_6)","decl":{"start":{"line":45,"column":56},"end":{"line":45,"column":57}},"loc":{"start":{"line":46,"column":40},"end":{"line":54,"column":52}},"line":46},"7":{"name":"(anonymous_7)","decl":{"start":{"line":50,"column":125},"end":{"line":50,"column":126}},"loc":{"start":{"line":50,"column":132},"end":{"line":50,"column":181}},"line":50},"8":{"name":"(anonymous_8)","decl":{"start":{"line":60,"column":85},"end":{"line":60,"column":86}},"loc":{"start":{"line":60,"column":92},"end":{"line":60,"column":120}},"line":60},"9":{"name":"(anonymous_9)","decl":{"start":{"line":65,"column":41},"end":{"line":65,"column":42}},"loc":{"start":{"line":65,"column":47},"end":{"line":65,"column":74}},"line":65}},"branchMap":{"0":{"loc":{"start":{"line":10,"column":8},"end":{"line":14,"column":9}},"type":"if","locations":[{"start":{"line":10,"column":8},"end":{"line":14,"column":9}},{"start":{"line":12,"column":15},"end":{"line":14,"column":9}}],"line":10},"1":{"loc":{"start":{"line":44,"column":32},"end":{"line":56,"column":66}},"type":"cond-expr","locations":[{"start":{"line":45,"column":36},"end":{"line":55,"column":37}},{"start":{"line":56,"column":36},"end":{"line":56,"column":66}}],"line":44}},"s":{"0":3,"1":20,"2":20,"3":4,"4":1,"5":3,"6":20,"7":20,"8":1,"9":1,"10":20,"11":52,"12":4,"13":1,"14":78,"15":1,"16":2,"17":1},"f":{"0":20,"1":4,"2":1,"3":52,"4":4,"5":1,"6":78,"7":1,"8":2,"9":1},"b":{"0":[1,3],"1":[39,13]},"_coverageSchema":"1a1c01bbd47fc00a2c39e90264f33305004495a9","hash":"d41c2af9c30db2990a5daab5fd83abf09b144a9e"}
,"E:\\Coding\\Todo App\\todo-app\\todo-app-frontend\\src\\components\\Todos.js": {"path":"E:\\Coding\\Todo App\\todo-app\\todo-app-frontend\\src\\components\\Todos.js","statementMap":{"0":{"start":{"line":7,"column":14},"end":{"line":57,"column":1}},"1":{"start":{"line":10,"column":25},"end":{"line":10,"column":44}},"2":{"start":{"line":12,"column":4},"end":{"line":14,"column":10}},"3":{"start":{"line":13,"column":8},"end":{"line":13,"column":35}},"4":{"start":{"line":16,"column":4},"end":{"line":18,"column":58}},"5":{"start":{"line":17,"column":8},"end":{"line":17,"column":40}},"6":{"start":{"line":20,"column":38},"end":{"line":20,"column":50}},"7":{"start":{"line":22,"column":30},"end":{"line":26,"column":5}},"8":{"start":{"line":23,"column":8},"end":{"line":23,"column":49}},"9":{"start":{"line":25,"column":8},"end":{"line":25,"column":24}},"10":{"start":{"line":28,"column":26},"end":{"line":32,"column":5}},"11":{"start":{"line":29,"column":8},"end":{"line":29,"column":68}},"12":{"start":{"line":31,"column":8},"end":{"line":31,"column":41}},"13":{"start":{"line":34,"column":4},"end":{"line":56,"column":23}},"14":{"start":{"line":36,"column":12},"end":{"line":54,"column":15}},"15":{"start":{"line":40,"column":84},"end":{"line":40,"column":112}},"16":{"start":{"line":45,"column":39},"end":{"line":45,"column":58}}},"fnMap":{"0":{"name":"(anonymous_0)","decl":{"start":{"line":7,"column":14},"end":{"line":7,"column":15}},"loc":{"start":{"line":9,"column":6},"end":{"line":57,"column":1}},"line":9},"1":{"name":"(anonymous_1)","decl":{"start":{"line":12,"column":14},"end":{"line":12,"column":15}},"loc":{"start":{"line":12,"column":20},"end":{"line":14,"column":5}},"line":12},"2":{"name":"(anonymous_2)","decl":{"start":{"line":16,"column":14},"end":{"line":16,"column":15}},"loc":{"start":{"line":16,"column":20},"end":{"line":18,"column":5}},"line":16},"3":{"name":"(anonymous_3)","decl":{"start":{"line":22,"column":30},"end":{"line":22,"column":31}},"loc":{"start":{"line":22,"column":36},"end":{"line":26,"column":5}},"line":22},"4":{"name":"(anonymous_4)","decl":{"start":{"line":28,"column":26},"end":{"line":28,"column":27}},"loc":{"start":{"line":28,"column":60},"end":{"line":32,"column":5}},"line":28},"5":{"name":"(anonymous_5)","decl":{"start":{"line":35,"column":9},"end":{"line":35,"column":10}},"loc":{"start":{"line":36,"column":12},"end":{"line":54,"column":15}},"line":36},"6":{"name":"(anonymous_6)","decl":{"start":{"line":40,"column":77},"end":{"line":40,"column":78}},"loc":{"start":{"line":40,"column":84},"end":{"line":40,"column":112}},"line":40},"7":{"name":"(anonymous_7)","decl":{"start":{"line":45,"column":33},"end":{"line":45,"column":34}},"loc":{"start":{"line":45,"column":39},"end":{"line":45,"column":58}},"line":45}},"branchMap":{"0":{"loc":{"start":{"line":8,"column":4},"end":{"line":8,"column":14}},"type":"default-arg","locations":[{"start":{"line":8,"column":12},"end":{"line":8,"column":14}}],"line":8},"1":{"loc":{"start":{"line":18,"column":8},"end":{"line":18,"column":56}},"type":"cond-expr","locations":[{"start":{"line":18,"column":30},"end":{"line":18,"column":48}},{"start":{"line":18,"column":51},"end":{"line":18,"column":56}}],"line":18},"2":{"loc":{"start":{"line":52,"column":37},"end":{"line":52,"column":76}},"type":"cond-expr","locations":[{"start":{"line":52,"column":54},"end":{"line":52,"column":68}},{"start":{"line":52,"column":71},"end":{"line":52,"column":76}}],"line":52}},"s":{"0":2,"1":7,"2":7,"3":3,"4":7,"5":6,"6":7,"7":7,"8":1,"9":1,"10":7,"11":0,"12":0,"13":7,"14":6,"15":2,"16":1},"f":{"0":7,"1":3,"2":6,"3":1,"4":0,"5":6,"6":2,"7":1},"b":{"0":[7],"1":[1,6],"2":[1,5]},"_coverageSchema":"1a1c01bbd47fc00a2c39e90264f33305004495a9","hash":"4341235f5afd93e4e68e44e08f3e6d61eb98da3d"}
}
