TN:
SF:src\App.js
FN:7,App
FNF:1
FNH:1
FNDA:1,App
DA:8,1
LF:1
LH:1
BRF:0
BRH:0
end_of_record
TN:
SF:src\components\TodoList.js
FN:5,(anonymous_0)
FN:9,toggle
FN:19,(anonymous_2)
FN:26,(anonymous_3)
FN:29,(anonymous_4)
FN:34,(anonymous_5)
FN:48,(anonymous_6)
FN:53,(anonymous_7)
FN:63,(anonymous_8)
FN:68,(anonymous_9)
FNF:10
FNH:10
FNDA:20,(anonymous_0)
FNDA:4,toggle
FNDA:1,(anonymous_2)
FNDA:52,(anonymous_3)
FNDA:4,(anonymous_4)
FNDA:1,(anonymous_5)
FNDA:78,(anonymous_6)
FNDA:1,(anonymous_7)
FNDA:2,(anonymous_8)
FNDA:1,(anonymous_9)
DA:5,3
DA:6,20
DA:7,20
DA:10,4
DA:11,1
DA:13,3
DA:17,20
DA:19,20
DA:20,1
DA:22,1
DA:25,20
DA:27,52
DA:29,4
DA:34,1
DA:49,78
DA:53,1
DA:63,2
DA:68,1
LF:18
LH:18
BRDA:10,0,0,1
BRDA:10,0,1,3
BRDA:41,1,0,52
BRDA:41,1,1,0
BRDA:47,2,0,39
BRDA:47,2,1,13
BRF:6
BRH:5
end_of_record
TN:
SF:src\components\Todos.js
FN:7,(anonymous_0)
FN:12,(anonymous_1)
FN:16,(anonymous_2)
FN:22,(anonymous_3)
FN:28,(anonymous_4)
FN:35,(anonymous_5)
FN:40,(anonymous_6)
FN:45,(anonymous_7)
FNF:8
FNH:7
FNDA:7,(anonymous_0)
FNDA:3,(anonymous_1)
FNDA:6,(anonymous_2)
FNDA:1,(anonymous_3)
FNDA:0,(anonymous_4)
FNDA:6,(anonymous_5)
FNDA:2,(anonymous_6)
FNDA:1,(anonymous_7)
DA:7,2
DA:10,7
DA:12,7
DA:13,3
DA:16,7
DA:17,6
DA:20,7
DA:22,7
DA:23,1
DA:25,1
DA:28,7
DA:29,0
DA:31,0
DA:34,7
DA:36,6
DA:40,2
DA:45,1
LF:17
LH:15
BRDA:8,0,0,7
BRDA:18,1,0,1
BRDA:18,1,1,6
BRDA:52,2,0,1
BRDA:52,2,1,5
BRF:5
BRH:5
end_of_record
