TN:
SF:src\components\TodoList.js
FN:5,(anonymous_0)
FN:9,toggle
FN:19,(anonymous_2)
FN:25,(anonymous_3)
FN:26,(anonymous_4)
FN:29,(anonymous_5)
FN:35,(anonymous_6)
FN:40,(anonymous_7)
FN:43,(anonymous_8)
FN:48,(anonymous_9)
FN:58,(anonymous_10)
FN:63,(anonymous_11)
FN:73,(anonymous_12)
FN:78,(anonymous_13)
FNF:14
FNH:14
FNDA:20,(anonymous_0)
FNDA:4,toggle
FNDA:1,(anonymous_2)
FNDA:12,(anonymous_3)
FNDA:24,(anonymous_4)
FNDA:36,(anonymous_5)
FNDA:12,(anonymous_6)
FNDA:52,(anonymous_7)
FNDA:4,(anonymous_8)
FNDA:1,(anonymous_9)
FNDA:78,(anonymous_10)
FNDA:1,(anonymous_11)
FNDA:2,(anonymous_12)
FNDA:1,(anonymous_13)
DA:5,3
DA:6,20
DA:7,20
DA:10,4
DA:11,1
DA:13,3
DA:17,20
DA:19,20
DA:20,1
DA:22,1
DA:25,20
DA:26,12
DA:27,24
DA:29,24
DA:30,36
DA:35,20
DA:36,12
DA:39,20
DA:41,52
DA:43,4
DA:48,1
DA:59,78
DA:63,1
DA:73,2
DA:78,1
LF:25
LH:25
BRDA:10,0,0,1
BRDA:10,0,1,3
BRDA:30,1,0,18
BRDA:30,1,1,18
BRDA:57,2,0,39
BRDA:57,2,1,13
BRF:6
BRH:6
end_of_record
